<?xml version="1.0" encoding="UTF-8"?>
<!-- Generated by org.testng.reporters.JUnitReportReporter -->
<testsuite name="com.hotels.bootcamp.qa_autoation_bobby.TestCloseWindow" tests="1" time="9.458" ignored="0" failures="0" timestamp="11 Apr 2017 08:39:48 GMT" skipped="0" hostname="DESKTOP-T7V4247" errors="0">
  <testcase name="closeWindowTest" time="9.458" classname="com.hotels.bootcamp.qa_autoation_bobby.TestCloseWindow"/>
</testsuite> <!-- com.hotels.bootcamp.qa_autoation_bobby.TestCloseWindow -->
