<?xml version="1.0" encoding="UTF-8"?>
<!-- Generated by org.testng.reporters.JUnitReportReporter -->
<testsuite name="com.hotels.bootcamp.qa_autoation_bobby.TestVerifySubmit" tests="1" time="4.265" ignored="0" failures="0" timestamp="10 Apr 2017 22:02:13 GMT" skipped="0" hostname="DESKTOP-T7V4247" errors="0">
  <testcase name="VerifyTest" time="4.265" classname="com.hotels.bootcamp.qa_autoation_bobby.TestVerifySubmit"/>
</testsuite> <!-- com.hotels.bootcamp.qa_autoation_bobby.TestVerifySubmit -->
