<?xml version="1.0" encoding="UTF-8"?>
<!-- Generated by org.testng.reporters.JUnitReportReporter -->
<testsuite name="com.hotels.bootcamp.qa_autoation_bobby.TestSignIn" tests="1" time="5.346" ignored="0" failures="0" timestamp="27 Mar 2017 05:11:33 GMT" skipped="0" hostname="DESKTOP-T7V4247" errors="0">
  <testcase name="signIN" time="5.346" classname="com.hotels.bootcamp.qa_autoation_bobby.TestSignIn"/>
</testsuite> <!-- com.hotels.bootcamp.qa_autoation_bobby.TestSignIn -->
