<?xml version="1.0" encoding="UTF-8"?>
<!-- Generated by org.testng.reporters.JUnitReportReporter -->
<testsuite name="com.hotels.bootcamp.qa_autoation_bobby.TestDEMO" tests="1" time="6.148" ignored="0" failures="0" timestamp="27 Mar 2017 03:20:53 GMT" skipped="0" hostname="DESKTOP-T7V4247" errors="0">
  <testcase name="testSupport" time="6.148" classname="com.hotels.bootcamp.qa_autoation_bobby.TestDEMO"/>
</testsuite> <!-- com.hotels.bootcamp.qa_autoation_bobby.TestDEMO -->
