<?xml version="1.0" encoding="UTF-8"?>
<!-- Generated by org.testng.reporters.JUnitReportReporter -->
<testsuite name="com.hotels.bootcamp.qa_autoation_bobby.TestCardNumberandPin" tests="1" time="36.721" ignored="0" failures="0" timestamp="17 Apr 2017 07:11:57 GMT" skipped="0" hostname="DESKTOP-T7V4247" errors="0">
  <testcase name="cardInfo" time="36.721" classname="com.hotels.bootcamp.qa_autoation_bobby.TestCardNumberandPin"/>
</testsuite> <!-- com.hotels.bootcamp.qa_autoation_bobby.TestCardNumberandPin -->
