<?xml version="1.0" encoding="UTF-8"?>
<!-- Generated by org.testng.reporters.JUnitReportReporter -->
<testsuite name="com.hotels.bootcamp.qa_autoation_bobby.TestFBSignIn" tests="1" time="8.955" ignored="0" failures="0" timestamp="13 Apr 2017 17:22:01 GMT" skipped="0" hostname="DESKTOP-T7V4247" errors="0">
  <testcase name="fbSignIn" time="8.955" classname="com.hotels.bootcamp.qa_autoation_bobby.TestFBSignIn"/>
</testsuite> <!-- com.hotels.bootcamp.qa_autoation_bobby.TestFBSignIn -->
