<?xml version="1.0" encoding="UTF-8"?>
<!-- Generated by org.testng.reporters.JUnitReportReporter -->
<testsuite hostname="DESKTOP-T7V4247" name="com.hotels.bootcamp.qa_autoation_bobby.TestDEMO" tests="1" failures="0" timestamp="14 Apr 2017 16:41:56 GMT" time="6.608" errors="0">
  <testcase name="testSupport" time="6.608" classname="com.hotels.bootcamp.qa_autoation_bobby.TestDEMO"/>
</testsuite> <!-- com.hotels.bootcamp.qa_autoation_bobby.TestDEMO -->
